<?xml version="1.0" encoding="UTF-8"?>
<testsuite xmlns:xsi="http://www.w3.org/2001/XMLSchema-instance" xsi:noNamespaceSchemaLocation="https://maven.apache.org/surefire/maven-surefire-plugin/xsd/surefire-test-report-3.0.xsd" version="3.0" name="AverageCalculatorTest" time="0.099" tests="2" errors="0" skipped="0" failures="0">
  <properties>
[...]
</properties>
  <testcase name="testCalculateAverageWithEmptyList" classname="AverageCalculatorTest" time="0.062"/>
  <testcase name="testCalculateAverageWithNonEmptyList" classname="AverageCalculatorTest" time="0.002"/>
</testsuite>